This file contains any messages produced by compilers while
running configure, to aid debugging if configure makes a mistake.

It was created by program configure 1.0, which was
generated by GNU Autoconf 2.69.  Invocation command line was

  $ ./configure 

## --------- ##
## Platform. ##
## --------- ##

hostname = Michael-Kapnicks-MacBook-Pro.local
uname -m = x86_64
uname -r = 12.3.0
uname -s = Darwin
uname -v = Darwin Kernel Version 12.3.0: Sun Jan  6 22:37:10 PST 2013; root:xnu-2050.22.13~1/RELEASE_X86_64

/usr/bin/uname -p = i386
/bin/uname -X     = unknown

/bin/arch              = unknown
/usr/bin/arch -k       = unknown
/usr/convex/getsysinfo = unknown
/usr/bin/hostinfo      = Mach kernel version:
	 Darwin Kernel Version 12.3.0: Sun Jan  6 22:37:10 PST 2013; root:xnu-2050.22.13~1/RELEASE_X86_64
Kernel configured for up to 2 processors.
2 processors are physically available.
2 processors are logically available.
Processor type: i486 (Intel 80486)
Processors active: 0 1
Primary memory available: 4.00 gigabytes
Default processor set: 98 tasks, 545 threads, 2 processors
Load average: 2.41, Mach factor: 0.36
/bin/machine           = unknown
/usr/bin/oslevel       = unknown
/bin/universe          = unknown

PATH: /opt/local/bin
PATH: /opt/local/sbin
PATH: /opt/local/bin
PATH: /opt/local/sbin
PATH: /usr/local/bin
PATH: /usr/local/sbin
PATH: /Users/michaelk18/.rvm/gems/ruby-1.9.2-p320/bin
PATH: /Users/michaelk18/.rvm/gems/ruby-1.9.2-p320@global/bin
PATH: /Users/michaelk18/.rvm/rubies/ruby-1.9.2-p320/bin
PATH: /Users/michaelk18/.rvm/bin
PATH: /usr/bin
PATH: /bin
PATH: /usr/sbin
PATH: /sbin
PATH: /usr/local/bin
PATH: /Applications/MAMP/Library/bin


## ----------- ##
## Core tests. ##
## ----------- ##

configure:1828: checking for a BSD-compatible install
configure:1896: result: /usr/bin/install -c
configure:1907: checking whether build environment is sane
configure:1962: result: yes
configure:2113: checking for a thread-safe mkdir -p
configure:2152: result: ./install-sh -c -d
configure:2159: checking for gawk
configure:2189: result: no
configure:2159: checking for mawk
configure:2189: result: no
configure:2159: checking for nawk
configure:2189: result: no
configure:2159: checking for awk
configure:2175: found /usr/bin/awk
configure:2186: result: awk
configure:2197: checking whether make sets $(MAKE)
configure:2219: result: yes
configure:2248: checking whether make supports nested variables
configure:2265: result: yes
configure:2438: checking for gcc
configure:2454: found /usr/bin/gcc
configure:2465: result: gcc
configure:2694: checking for C compiler version
configure:2703: gcc --version >&5
i686-apple-darwin11-llvm-gcc-4.2 (GCC) 4.2.1 (Based on Apple Inc. build 5658) (LLVM build 2336.11.00)
Copyright (C) 2007 Free Software Foundation, Inc.
This is free software; see the source for copying conditions.  There is NO
warranty; not even for MERCHANTABILITY or FITNESS FOR A PARTICULAR PURPOSE.

configure:2714: $? = 0
configure:2703: gcc -v >&5
Using built-in specs.
Target: i686-apple-darwin11
Configured with: /private/var/tmp/llvmgcc42/llvmgcc42-2336.11~182/src/configure --disable-checking --enable-werror --prefix=/Applications/Xcode.app/Contents/Developer/usr/llvm-gcc-4.2 --mandir=/share/man --enable-languages=c,objc,c++,obj-c++ --program-prefix=llvm- --program-transform-name=/^[cg][^.-]*$/s/$/-4.2/ --with-slibdir=/usr/lib --build=i686-apple-darwin11 --enable-llvm=/private/var/tmp/llvmgcc42/llvmgcc42-2336.11~182/dst-llvmCore/Developer/usr/local --program-prefix=i686-apple-darwin11- --host=x86_64-apple-darwin11 --target=i686-apple-darwin11 --with-gxx-include-dir=/usr/include/c++/4.2.1
Thread model: posix
gcc version 4.2.1 (Based on Apple Inc. build 5658) (LLVM build 2336.11.00)
configure:2714: $? = 0
configure:2703: gcc -V >&5
llvm-gcc-4.2: argument to `-V' is missing
configure:2714: $? = 1
configure:2703: gcc -qversion >&5
i686-apple-darwin11-llvm-gcc-4.2: no input files
configure:2714: $? = 1
configure:2734: checking whether the C compiler works
configure:2756: gcc    conftest.c  >&5
configure:2760: $? = 0
configure:2808: result: yes
configure:2811: checking for C compiler default output file name
configure:2813: result: a.out
configure:2819: checking for suffix of executables
configure:2826: gcc -o conftest    conftest.c  >&5
configure:2830: $? = 0
configure:2852: result: 
configure:2874: checking whether we are cross compiling
configure:2882: gcc -o conftest    conftest.c  >&5
configure:2886: $? = 0
configure:2893: ./conftest
configure:2897: $? = 0
configure:2912: result: no
configure:2917: checking for suffix of object files
configure:2939: gcc -c   conftest.c >&5
configure:2943: $? = 0
configure:2964: result: o
configure:2968: checking whether we are using the GNU C compiler
configure:2987: gcc -c   conftest.c >&5
configure:2987: $? = 0
configure:2996: result: yes
configure:3005: checking whether gcc accepts -g
configure:3025: gcc -c -g  conftest.c >&5
configure:3025: $? = 0
configure:3066: result: yes
configure:3083: checking for gcc option to accept ISO C89
configure:3146: gcc  -c -g -O2  conftest.c >&5
configure:3146: $? = 0
configure:3159: result: none needed
configure:3184: checking whether gcc understands -c and -o together
configure:3206: gcc -c conftest.c -o conftest2.o
configure:3209: $? = 0
configure:3206: gcc -c conftest.c -o conftest2.o
configure:3209: $? = 0
configure:3221: result: yes
configure:3249: checking for style of include used by make
configure:3277: result: GNU
configure:3303: checking dependency style of gcc
configure:3414: result: gcc3
configure:3576: checking that generated files are newer than configure
configure:3582: result: done
configure:3605: creating ./config.status

## ---------------------- ##
## Running config.status. ##
## ---------------------- ##

This file was extended by program config.status 1.0, which was
generated by GNU Autoconf 2.69.  Invocation command line was

  CONFIG_FILES    = 
  CONFIG_HEADERS  = 
  CONFIG_LINKS    = 
  CONFIG_COMMANDS = 
  $ ./config.status 

on Michael-Kapnicks-MacBook-Pro.local

config.status:773: creating Makefile
config.status:773: creating src/Makefile
config.status:945: executing depfiles commands

## ---------------- ##
## Cache variables. ##
## ---------------- ##

ac_cv_c_compiler_gnu=yes
ac_cv_env_CC_set=
ac_cv_env_CC_value=
ac_cv_env_CFLAGS_set=
ac_cv_env_CFLAGS_value=
ac_cv_env_CPPFLAGS_set=
ac_cv_env_CPPFLAGS_value=
ac_cv_env_LDFLAGS_set=
ac_cv_env_LDFLAGS_value=
ac_cv_env_LIBS_set=
ac_cv_env_LIBS_value=
ac_cv_env_build_alias_set=
ac_cv_env_build_alias_value=
ac_cv_env_host_alias_set=
ac_cv_env_host_alias_value=
ac_cv_env_target_alias_set=
ac_cv_env_target_alias_value=
ac_cv_objext=o
ac_cv_path_install='/usr/bin/install -c'
ac_cv_prog_AWK=awk
ac_cv_prog_ac_ct_CC=gcc
ac_cv_prog_cc_c89=
ac_cv_prog_cc_g=yes
ac_cv_prog_make_make_set=yes
am_cv_CC_dependencies_compiler_type=gcc3
am_cv_make_support_nested_variables=yes
am_cv_prog_cc_c_o=yes

## ----------------- ##
## Output variables. ##
## ----------------- ##

ACLOCAL='${SHELL} /Users/michaelk18/Academics/CS_450/450_p1/450_p1/missing aclocal-1.14'
AMDEPBACKSLASH='\'
AMDEP_FALSE='#'
AMDEP_TRUE=''
AMTAR='$${TAR-tar}'
AM_BACKSLASH='\'
AM_DEFAULT_V='$(AM_DEFAULT_VERBOSITY)'
AM_DEFAULT_VERBOSITY='1'
AM_V='$(V)'
AUTOCONF='${SHELL} /Users/michaelk18/Academics/CS_450/450_p1/450_p1/missing autoconf'
AUTOHEADER='${SHELL} /Users/michaelk18/Academics/CS_450/450_p1/450_p1/missing autoheader'
AUTOMAKE='${SHELL} /Users/michaelk18/Academics/CS_450/450_p1/450_p1/missing automake-1.14'
AWK='awk'
CC='gcc'
CCDEPMODE='depmode=gcc3'
CFLAGS='-g -O2'
CPPFLAGS=''
CYGPATH_W='echo'
DEFS='-DPACKAGE_NAME=\"program\" -DPACKAGE_TARNAME=\"program\" -DPACKAGE_VERSION=\"1.0\" -DPACKAGE_STRING=\"program\ 1.0\" -DPACKAGE_BUGREPORT=\"\" -DPACKAGE_URL=\"\" -DPACKAGE=\"program\" -DVERSION=\"1.0\"'
DEPDIR='.deps'
ECHO_C='\c'
ECHO_N=''
ECHO_T=''
EXEEXT=''
INSTALL_DATA='${INSTALL} -m 644'
INSTALL_PROGRAM='${INSTALL}'
INSTALL_SCRIPT='${INSTALL}'
INSTALL_STRIP_PROGRAM='$(install_sh) -c -s'
LDFLAGS=''
LIBOBJS=''
LIBS=''
LTLIBOBJS=''
MAKEINFO='${SHELL} /Users/michaelk18/Academics/CS_450/450_p1/450_p1/missing makeinfo'
MKDIR_P='./install-sh -c -d'
OBJEXT='o'
PACKAGE='program'
PACKAGE_BUGREPORT=''
PACKAGE_NAME='program'
PACKAGE_STRING='program 1.0'
PACKAGE_TARNAME='program'
PACKAGE_URL=''
PACKAGE_VERSION='1.0'
PATH_SEPARATOR=':'
SET_MAKE=''
SHELL='/bin/sh'
STRIP=''
VERSION='1.0'
ac_ct_CC='gcc'
am__EXEEXT_FALSE=''
am__EXEEXT_TRUE='#'
am__fastdepCC_FALSE='#'
am__fastdepCC_TRUE=''
am__include='include'
am__isrc=''
am__leading_dot='.'
am__nodep='_no'
am__quote=''
am__tar='$${TAR-tar} chof - "$$tardir"'
am__untar='$${TAR-tar} xf -'
bindir='${exec_prefix}/bin'
build_alias=''
datadir='${datarootdir}'
datarootdir='${prefix}/share'
docdir='${datarootdir}/doc/${PACKAGE_TARNAME}'
dvidir='${docdir}'
exec_prefix='${prefix}'
host_alias=''
htmldir='${docdir}'
includedir='${prefix}/include'
infodir='${datarootdir}/info'
install_sh='${SHELL} /Users/michaelk18/Academics/CS_450/450_p1/450_p1/install-sh'
libdir='${exec_prefix}/lib'
libexecdir='${exec_prefix}/libexec'
localedir='${datarootdir}/locale'
localstatedir='${prefix}/var'
mandir='${datarootdir}/man'
mkdir_p='$(MKDIR_P)'
oldincludedir='/usr/include'
pdfdir='${docdir}'
prefix='/usr/local'
program_transform_name='s,x,x,'
psdir='${docdir}'
sbindir='${exec_prefix}/sbin'
sharedstatedir='${prefix}/com'
sysconfdir='${prefix}/etc'
target_alias=''

## ----------- ##
## confdefs.h. ##
## ----------- ##

/* confdefs.h */
#define PACKAGE_NAME "program"
#define PACKAGE_TARNAME "program"
#define PACKAGE_VERSION "1.0"
#define PACKAGE_STRING "program 1.0"
#define PACKAGE_BUGREPORT ""
#define PACKAGE_URL ""
#define PACKAGE "program"
#define VERSION "1.0"

configure: exit 0
